<?xml version="1.0" encoding="UTF-8"?>
<testsuite name="com.katalon.demoaut.tests.FirstTest" tests="1" skipped="0" failures="0" errors="0" timestamp="2018-07-07T15:02:42" hostname="Sritejs-MacBook-Air.local" time="22.694">
  <properties/>
  <testcase name="checkLoginSuccessfully" classname="com.katalon.demoaut.tests.FirstTest" time="22.694"/>
  <system-out><![CDATA[The facility chosen is: Hongkong CURA Healthcare Center
The hospital readmission is: Yes
The program chosen is: Medicare
Your comments are: Thus made an appointment
]]></system-out>
  <system-err><![CDATA[Jul 07, 2018 8:32:58 PM org.openqa.selenium.remote.ProtocolHandshake createSession
INFO: Detected dialect: OSS
]]></system-err>
</testsuite>
